Performing C SOURCE FILE Test CMAKE_HAVE_LIBC_PTHREAD failed with the following output:
Change Dir: /workspaces/deal.ii-arm64/build-container/CMakeFiles/CMakeTmp

Run Build Command(s):/usr/bin/ninja cmTC_35f41 && [1/2] Building C object CMakeFiles/cmTC_35f41.dir/src.c.o
[2/2] Linking C executable cmTC_35f41
FAILED: cmTC_35f41 
: && /bin/gcc-9 -DCMAKE_HAVE_LIBC_PTHREAD  -rdynamic CMakeFiles/cmTC_35f41.dir/src.c.o  -o cmTC_35f41   && :
/usr/bin/ld: CMakeFiles/cmTC_35f41.dir/src.c.o: in function `main':
src.c:(.text+0x48): undefined reference to `pthread_create'
/usr/bin/ld: src.c:(.text+0x50): undefined reference to `pthread_detach'
/usr/bin/ld: src.c:(.text+0x5c): undefined reference to `pthread_join'
collect2: error: ld returned 1 exit status
ninja: build stopped: subcommand failed.


Source file was:
#include <pthread.h>

void* test_func(void* data)
{
  return data;
}

int main(void)
{
  pthread_t thread;
  pthread_create(&thread, NULL, test_func, NULL);
  pthread_detach(thread);
  pthread_join(thread, NULL);
  pthread_atfork(NULL, NULL, NULL);
  pthread_exit(NULL);

  return 0;
}

Determining if the function pthread_create exists in the pthreads failed with the following output:
Change Dir: /workspaces/deal.ii-arm64/build-container/CMakeFiles/CMakeTmp

Run Build Command(s):/usr/bin/ninja cmTC_a0f8b && [1/2] Building C object CMakeFiles/cmTC_a0f8b.dir/CheckFunctionExists.c.o
[2/2] Linking C executable cmTC_a0f8b
FAILED: cmTC_a0f8b 
: && /bin/gcc-9 -DCHECK_FUNCTION_EXISTS=pthread_create  -rdynamic CMakeFiles/cmTC_a0f8b.dir/CheckFunctionExists.c.o  -o cmTC_a0f8b  -lpthreads && :
/usr/bin/ld: cannot find -lpthreads
collect2: error: ld returned 1 exit status
ninja: build stopped: subcommand failed.



